------- FILE verticalposition.asm LEVEL 1 PASS 2
      1  fffe					      processor	6502
      2  10000 ????
------- FILE macro.h LEVEL 2 PASS 2
      0  10000 ????				       include	"macro.h"
      1  10000 ????						; MACRO.H
      2  10000 ????						; Version 1.09, 05/SEP/2020
      3  10000 ????
      4  10000 ????		00 6d	    VERSION_MACRO =	109
      5  10000 ????
      6  10000 ????						;
      7  10000 ????						; THIS FILE IS EXPLICITLY SUPPORTED AS A DASM-PREFERRED COMPANION FILE
      8  10000 ????						; The latest version can be found at https://dasm-assembler.github.io/
      9  10000 ????						;
     10  10000 ????						; This file defines DASM macros useful for development for the Atari 2600.
     11  10000 ????						; It is distributed as a companion machine-specific support package
     12  10000 ????						; for the DASM compiler.
     13  10000 ????						;
     14  10000 ????						; Many thanks to the people who have contributed. If you find an issue with the
     15  10000 ????						; contents, or would like ot add something, please report as an issue at...
     16  10000 ????						; https://github.com/dasm-assembler/dasm/issues
     17  10000 ????
     18  10000 ????
     19  10000 ????						; Latest Revisions...
     20  10000 ????						; 1.09  05/SEP/2020	 - updated license/links
     21  10000 ????
     22  10000 ????						; 1.08  13/JUL/2020	 - added use of LXA to CLEAN_START
     23  10000 ????						; 1.07  19/JAN/2020	 - correction to comment VERTICAL_SYNC
     24  10000 ????						; 1.06  03/SEP/2004	 - nice revision of VERTICAL_SYNC (Edwin Blink)
     25  10000 ????						; 1.05  14/NOV/2003	 - Added VERSION_MACRO equate (which will reflect 100x version #)
     26  10000 ????						;			   This will allow conditional code to verify MACRO.H being
     27  10000 ????						;			   used for code assembly.
     28  10000 ????						; 1.04  13/NOV/2003	 - SET_POINTER macro added (16-bit address load)
     29  10000 ????						;
     30  10000 ????						; 1.03  23/JUN/2003	 - CLEAN_START macro added - clears TIA, RAM, registers
     31  10000 ????						;
     32  10000 ????						; 1.02  14/JUN/2003	 - VERTICAL_SYNC macro added
     33  10000 ????						;			   (standardised macro for vertical synch code)
     34  10000 ????						; 1.01  22/MAR/2003	 - SLEEP macro added.
     35  10000 ????						;			 - NO_ILLEGAL_OPCODES switch implemented
     36  10000 ????						; 1.0	22/MAR/2003		Initial release
     37  10000 ????
     38  10000 ????						; Note: These macros use illegal opcodes.  To disable illegal opcode usage,
     39  10000 ????						;   define the symbol NO_ILLEGAL_OPCODES (-DNO_ILLEGAL_OPCODES=1 on command-line).
     40  10000 ????						;   If you do not allow illegal opcode usage, you must include this file
     41  10000 ????						;   *after* including VCS.H (as the non-illegal opcodes access hardware
     42  10000 ????						;   registers and require them to be defined first).
     43  10000 ????
     44  10000 ????						; Available macros...
     45  10000 ????						;   SLEEP n		 - sleep for n cycles
     46  10000 ????						;   VERTICAL_SYNC	 - correct 3 scanline vertical synch code
     47  10000 ????						;   CLEAN_START	 - set machine to known state on startup
     48  10000 ????						;   SET_POINTER	 - load a 16-bit absolute to a 16-bit variable
     49  10000 ????
     50  10000 ????						;-------------------------------------------------------------------------------
     51  10000 ????						; SLEEP duration
     52  10000 ????						; Original author: Thomas Jentzsch
     53  10000 ????						; Inserts code which takes the specified number of cycles to execute.	This is
     54  10000 ????						; useful for code where precise timing is required.
     55  10000 ????						; ILLEGAL-OPCODE VERSION DOES NOT AFFECT FLAGS OR REGISTERS.
     56  10000 ????						; LEGAL OPCODE VERSION MAY AFFECT FLAGS
     57  10000 ????						; Uses illegal opcode (DASM 2.20.01 onwards).
     58  10000 ????
     59  10000 ????				       MAC	sleep
     60  10000 ????			    .CYCLES    SET	{1}
     61  10000 ????
     62  10000 ????				       IF	.CYCLES < 2
     63  10000 ????				       ECHO	"MACRO ERROR: 'SLEEP': Duration must be > 1"
     64  10000 ????				       ERR
     65  10000 ????				       ENDIF
     66  10000 ????
     67  10000 ????				       IF	.CYCLES & 1
     68  10000 ????				       IFNCONST	NO_ILLEGAL_OPCODES
     69  10000 ????				       nop	0
     70  10000 ????				       ELSE
     71  10000 ????				       bit	VSYNC
     72  10000 ????				       ENDIF
     73  10000 ????			    .CYCLES    SET	.CYCLES - 3
     74  10000 ????				       ENDIF
     75  10000 ????
     76  10000 ????				       REPEAT	.CYCLES / 2
     77  10000 ????				       nop
     78  10000 ????				       REPEND
     79  10000 ????				       ENDM		;usage: SLEEP n (n>1)
     80  10000 ????
     81  10000 ????						;-------------------------------------------------------------------------------
     82  10000 ????						; VERTICAL_SYNC
     83  10000 ????						; revised version by Edwin Blink -- saves bytes!
     84  10000 ????						; Inserts the code required for a proper 3 scanline vertical sync sequence
     85  10000 ????						; Note: Alters the accumulator
     86  10000 ????
     87  10000 ????						; OUT: A = 0
     88  10000 ????
     89  10000 ????				       MAC	vertical_sync
     90  10000 ????				       lda	#%1110	; each '1' bits generate a VSYNC ON line (bits 1..3)
     91  10000 ????			    .VSLP1     sta	WSYNC	; 1st '0' bit resets Vsync, 2nd '0' bit exit loop
     92  10000 ????				       sta	VSYNC
     93  10000 ????				       lsr
     94  10000 ????				       bne	.VSLP1	; branch until VYSNC has been reset
     95  10000 ????				       ENDM
     96  10000 ????
     97  10000 ????						;-------------------------------------------------------------------------------
     98  10000 ????						; CLEAN_START
     99  10000 ????						; Original author: Andrew Davie
    100  10000 ????						; Standardised start-up code, clears stack, all TIA registers and RAM to 0
    101  10000 ????						; Sets stack pointer to $FF, and all registers to 0
    102  10000 ????						; Sets decimal mode off, sets interrupt flag (kind of un-necessary)
    103  10000 ????						; Use as very first section of code on boot (ie: at reset)
    104  10000 ????						; Code written to minimise total ROM usage - uses weird 6502 knowledge :)
    105  10000 ????
    106  10000 ????				       MAC	clean_start
    107  10000 ????				       sei
    108  10000 ????				       cld
    109  10000 ????
    110  10000 ????				       IFNCONST	NO_ILLEGAL_OPCODES
    111  10000 ????				       lxa	#0
    112  10000 ????				       ELSE
    113  10000 ????				       ldx	#0
    114  10000 ????				       txa
    115  10000 ????				       ENDIF
    116  10000 ????				       tay
    117  10000 ????			    .CLEAR_STACK dex
    118  10000 ????				       txs
    119  10000 ????				       pha
    120  10000 ????				       bne	.CLEAR_STACK	; SP=$FF, X = A = Y = 0
    121  10000 ????
    122  10000 ????				       ENDM
    123  10000 ????
    124  10000 ????						;-------------------------------------------------------
    125  10000 ????						; SET_POINTER
    126  10000 ????						; Original author: Manuel Rotschkar
    127  10000 ????						;
    128  10000 ????						; Sets a 2 byte RAM pointer to an absolute address.
    129  10000 ????						;
    130  10000 ????						; Usage: SET_POINTER pointer, address
    131  10000 ????						; Example: SET_POINTER SpritePTR, SpriteData
    132  10000 ????						;
    133  10000 ????						; Note: Alters the accumulator, NZ flags
    134  10000 ????						; IN 1: 2 byte RAM location reserved for pointer
    135  10000 ????						; IN 2: absolute address
    136  10000 ????
    137  10000 ????				       MAC	set_pointer
    138  10000 ????			    .POINTER   SET	{1}
    139  10000 ????			    .ADDRESS   SET	{2}
    140  10000 ????
    141  10000 ????				       LDA	#<.ADDRESS	; Get Lowbyte of Address
    142  10000 ????				       STA	.POINTER	; Store in pointer
    143  10000 ????				       LDA	#>.ADDRESS	; Get Hibyte of Address
    144  10000 ????				       STA	.POINTER+1	; Store in pointer+1
    145  10000 ????
    146  10000 ????				       ENDM
    147  10000 ????
    148  10000 ????						;-------------------------------------------------------
    149  10000 ????						; BOUNDARY byte#
    150  10000 ????						; Original author: Denis Debro (borrowed from Bob Smith / Thomas)
    151  10000 ????						;
    152  10000 ????						; Push data to a certain position inside a page and keep count of how
    153  10000 ????						; many free bytes the programmer will have.
    154  10000 ????						;
    155  10000 ????						; eg: BOUNDARY 5    ; position at byte #5 in page
    156  10000 ????
    157  10000 ????			    .FREE_BYTES SET	0
    158  10000 ????				       MAC	boundary
    159  10000 ????				       REPEAT	256
    160  10000 ????				       IF	<. % {1} = 0
    161  10000 ????				       MEXIT
    162  10000 ????				       ELSE
    163  10000 ????			    .FREE_BYTES SET	.FREE_BYTES + 1
    164  10000 ????				       .byte	$00
    165  10000 ????				       ENDIF
    166  10000 ????				       REPEND
    167  10000 ????				       ENDM
    168  10000 ????
    169  10000 ????
    170  10000 ????						; EOF
------- FILE verticalposition.asm
------- FILE vcs.h LEVEL 2 PASS 2
      0  10000 ????				       include	"vcs.h"
      1  10000 ????						; VCS.H
      2  10000 ????						; Version 1.07, 08/OCT/2021
      3  10000 ????
      4  10000 ????		00 6b	    VERSION_VCS =	107
      5  10000 ????
      6  10000 ????						; THIS IS *THE* "STANDARD" VCS.H
      7  10000 ????						; THIS FILE IS EXPLICITLY SUPPORTED AS A DASM-PREFERRED COMPANION FILE
      8  10000 ????						; The latest version can be found at https://dasm-assembler.github.io/
      9  10000 ????						;
     10  10000 ????						; This file defines hardware registers and memory mapping for the
     11  10000 ????						; Atari 2600. It is distributed as a companion machine-specific support package
     12  10000 ????						; for the DASM compiler. Updates to this file, DASM, and associated tools are
     13  10000 ????						; available at at https://dasm-assembler.github.io/
     14  10000 ????						;
     15  10000 ????						; Many thanks to the people who have contributed. If you find an issue with the
     16  10000 ????						; contents, or would like ot add something, please report as an issue at...
     17  10000 ????						; https://github.com/dasm-assembler/dasm/issues
     18  10000 ????
     19  10000 ????						;
     20  10000 ????						; Latest Revisions...
     21  10000 ????						; 1.07  08/OCT/2021	 Added timer interrupt registers
     22  10000 ????						; 1.06  05/SEP/2020	 Modified header/license and links to new versions
     23  10000 ????						; 1.05  13/NOV/2003	  - Correction to 1.04 - now functions as requested by MR.
     24  10000 ????						;			  - Added VERSION_VCS equate (which will reflect 100x version #)
     25  10000 ????						;			    This will allow conditional code to verify VCS.H being
     26  10000 ????						;			    used for code assembly.
     27  10000 ????						; 1.04  12/NOV/2003	 Added TIA_BASE_WRITE_ADDRESS and TIA_BASE_READ_ADDRESS for
     28  10000 ????						;			 convenient disassembly/reassembly compatibility for hardware
     29  10000 ????						;			 mirrored reading/writing differences.	This is more a
     30  10000 ????						;			 readability issue, and binary compatibility with disassembled
     31  10000 ????						;			 and reassembled sources.  Per Manuel Rotschkar's suggestion.
     32  10000 ????						; 1.03  12/MAY/2003	 Added SEG segment at end of file to fix old-code compatibility
     33  10000 ????						;			 which was broken by the use of segments in this file, as
     34  10000 ????						;			 reported by Manuel Polik on [stella] 11/MAY/2003
     35  10000 ????						; 1.02  22/MAR/2003	 Added TIMINT($285)
     36  10000 ????						; 1.01 		 Constant offset added to allow use for 3F-style bankswitching
     37  10000 ????						;			  - define TIA_BASE_ADDRESS as $40 for Tigervision carts, otherwise
     38  10000 ????						;			    it is safe to leave it undefined, and the base address will
     39  10000 ????						;			    be set to 0.  Thanks to Eckhard Stolberg for the suggestion.
     40  10000 ????						;			    Note, may use -DLABEL=EXPRESSION to define TIA_BASE_ADDRESS
     41  10000 ????						;			  - register definitions are now generated through assignment
     42  10000 ????						;			    in uninitialised segments.	This allows a changeable base
     43  10000 ????						;			    address architecture.
     44  10000 ????						; 1.0	 22/MAR/2003	 Initial release
     45  10000 ????
     46  10000 ????
     47  10000 ????						;-------------------------------------------------------------------------------
     48  10000 ????
     49  10000 ????						; TIA_BASE_ADDRESS
     50  10000 ????						; The TIA_BASE_ADDRESS defines the base address of access to TIA registers.
     51  10000 ????						; Normally 0, the base address should (externally, before including this file)
     52  10000 ????						; be set to $40 when creating 3F-bankswitched (and other?) cartridges.
     53  10000 ????						; The reason is that this bankswitching scheme treats any access to locations
     54  10000 ????						; < $40 as a bankswitch.
     55  10000 ????
     56  10000 ????			   -	       IFNCONST	TIA_BASE_ADDRESS
     57  10000 ????			   -TIA_BASE_ADDRESS =	0
     58  10000 ????				       ENDIF
     59  10000 ????
     60  10000 ????						; Note: The address may be defined on the command-line using the -D switch, eg:
     61  10000 ????						; dasm.exe code.asm -DTIA_BASE_ADDRESS=$40 -f3 -v5 -ocode.bin
     62  10000 ????						; *OR* by declaring the label before including this file, eg:
     63  10000 ????						; TIA_BASE_ADDRESS = $40
     64  10000 ????						;   include "vcs.h"
     65  10000 ????
     66  10000 ????						; Alternate read/write address capability - allows for some disassembly compatibility
     67  10000 ????						; usage ; to allow reassembly to binary perfect copies).  This is essentially catering
     68  10000 ????						; for the mirrored ROM hardware registers.
     69  10000 ????
     70  10000 ????						; Usage: As per above, define the TIA_BASE_READ_ADDRESS and/or TIA_BASE_WRITE_ADDRESS
     71  10000 ????						; using the -D command-line switch, as required.  If the addresses are not defined,
     72  10000 ????						; they defaut to the TIA_BASE_ADDRESS.
     73  10000 ????
     74  10000 ????			   -	       IFNCONST	TIA_BASE_READ_ADDRESS
     75  10000 ????			   -TIA_BASE_READ_ADDRESS =	TIA_BASE_ADDRESS
     76  10000 ????				       ENDIF
     77  10000 ????
     78  10000 ????			   -	       IFNCONST	TIA_BASE_WRITE_ADDRESS
     79  10000 ????			   -TIA_BASE_WRITE_ADDRESS =	TIA_BASE_ADDRESS
     80  10000 ????				       ENDIF
     81  10000 ????
     82  10000 ????						;-------------------------------------------------------------------------------
     83  10000 ????
     84 U002d ????				      SEG.U	TIA_REGISTERS_WRITE
     85 U0000					      ORG	TIA_BASE_WRITE_ADDRESS
     86 U0000
     87 U0000							; DO NOT CHANGE THE RELATIVE ORDERING OF REGISTERS!
     88 U0000
     89 U0000		       00	   VSYNC      ds	1	; $00	 0000 00x0   Vertical Sync Set-Clear
     90 U0001		       00	   VBLANK     ds	1	; $01	 xx00 00x0   Vertical Blank Set-Clear
     91 U0002		       00	   WSYNC      ds	1	; $02	 ---- ----   Wait for Horizontal Blank
     92 U0003		       00	   RSYNC      ds	1	; $03	 ---- ----   Reset Horizontal Sync Counter
     93 U0004		       00	   NUSIZ0     ds	1	; $04	 00xx 0xxx   Number-Size player/missle 0
     94 U0005		       00	   NUSIZ1     ds	1	; $05	 00xx 0xxx   Number-Size player/missle 1
     95 U0006		       00	   COLUP0     ds	1	; $06	 xxxx xxx0   Color-Luminance Player 0
     96 U0007		       00	   COLUP1     ds	1	; $07	 xxxx xxx0   Color-Luminance Player 1
     97 U0008		       00	   COLUPF     ds	1	; $08	 xxxx xxx0   Color-Luminance Playfield
     98 U0009		       00	   COLUBK     ds	1	; $09	 xxxx xxx0   Color-Luminance Background
     99 U000a		       00	   CTRLPF     ds	1	; $0A	 00xx 0xxx   Control Playfield, Ball, Collisions
    100 U000b		       00	   REFP0      ds	1	; $0B	 0000 x000   Reflection Player 0
    101 U000c		       00	   REFP1      ds	1	; $0C	 0000 x000   Reflection Player 1
    102 U000d		       00	   PF0	      ds	1	; $0D	 xxxx 0000   Playfield Register Byte 0
    103 U000e		       00	   PF1	      ds	1	; $0E	 xxxx xxxx   Playfield Register Byte 1
    104 U000f		       00	   PF2	      ds	1	; $0F	 xxxx xxxx   Playfield Register Byte 2
    105 U0010		       00	   RESP0      ds	1	; $10	 ---- ----   Reset Player 0
    106 U0011		       00	   RESP1      ds	1	; $11	 ---- ----   Reset Player 1
    107 U0012		       00	   RESM0      ds	1	; $12	 ---- ----   Reset Missle 0
    108 U0013		       00	   RESM1      ds	1	; $13	 ---- ----   Reset Missle 1
    109 U0014		       00	   RESBL      ds	1	; $14	 ---- ----   Reset Ball
    110 U0015		       00	   AUDC0      ds	1	; $15	 0000 xxxx   Audio Control 0
    111 U0016		       00	   AUDC1      ds	1	; $16	 0000 xxxx   Audio Control 1
    112 U0017		       00	   AUDF0      ds	1	; $17	 000x xxxx   Audio Frequency 0
    113 U0018		       00	   AUDF1      ds	1	; $18	 000x xxxx   Audio Frequency 1
    114 U0019		       00	   AUDV0      ds	1	; $19	 0000 xxxx   Audio Volume 0
    115 U001a		       00	   AUDV1      ds	1	; $1A	 0000 xxxx   Audio Volume 1
    116 U001b		       00	   GRP0       ds	1	; $1B	 xxxx xxxx   Graphics Register Player 0
    117 U001c		       00	   GRP1       ds	1	; $1C	 xxxx xxxx   Graphics Register Player 1
    118 U001d		       00	   ENAM0      ds	1	; $1D	 0000 00x0   Graphics Enable Missle 0
    119 U001e		       00	   ENAM1      ds	1	; $1E	 0000 00x0   Graphics Enable Missle 1
    120 U001f		       00	   ENABL      ds	1	; $1F	 0000 00x0   Graphics Enable Ball
    121 U0020		       00	   HMP0       ds	1	; $20	 xxxx 0000   Horizontal Motion Player 0
    122 U0021		       00	   HMP1       ds	1	; $21	 xxxx 0000   Horizontal Motion Player 1
    123 U0022		       00	   HMM0       ds	1	; $22	 xxxx 0000   Horizontal Motion Missle 0
    124 U0023		       00	   HMM1       ds	1	; $23	 xxxx 0000   Horizontal Motion Missle 1
    125 U0024		       00	   HMBL       ds	1	; $24	 xxxx 0000   Horizontal Motion Ball
    126 U0025		       00	   VDELP0     ds	1	; $25	 0000 000x   Vertical Delay Player 0
    127 U0026		       00	   VDELP1     ds	1	; $26	 0000 000x   Vertical Delay Player 1
    128 U0027		       00	   VDELBL     ds	1	; $27	 0000 000x   Vertical Delay Ball
    129 U0028		       00	   RESMP0     ds	1	; $28	 0000 00x0   Reset Missle 0 to Player 0
    130 U0029		       00	   RESMP1     ds	1	; $29	 0000 00x0   Reset Missle 1 to Player 1
    131 U002a		       00	   HMOVE      ds	1	; $2A	 ---- ----   Apply Horizontal Motion
    132 U002b		       00	   HMCLR      ds	1	; $2B	 ---- ----   Clear Horizontal Move Registers
    133 U002c		       00	   CXCLR      ds	1	; $2C	 ---- ----   Clear Collision Latches
    134 U002d
    135 U002d							;-------------------------------------------------------------------------------
    136 U002d
    137 U000e ????				      SEG.U	TIA_REGISTERS_READ
    138 U0000					      ORG	TIA_BASE_READ_ADDRESS
    139 U0000
    140 U0000							;					     bit 7   bit 6
    141 U0000		       00	   CXM0P      ds	1	; $00	     xx00 0000	     Read Collision  M0-P1   M0-P0
    142 U0001		       00	   CXM1P      ds	1	; $01	     xx00 0000			     M1-P0   M1-P1
    143 U0002		       00	   CXP0FB     ds	1	; $02	     xx00 0000			     P0-PF   P0-BL
    144 U0003		       00	   CXP1FB     ds	1	; $03	     xx00 0000			     P1-PF   P1-BL
    145 U0004		       00	   CXM0FB     ds	1	; $04	     xx00 0000			     M0-PF   M0-BL
    146 U0005		       00	   CXM1FB     ds	1	; $05	     xx00 0000			     M1-PF   M1-BL
    147 U0006		       00	   CXBLPF     ds	1	; $06	     x000 0000			     BL-PF   -----
    148 U0007		       00	   CXPPMM     ds	1	; $07	     xx00 0000			     P0-P1   M0-M1
    149 U0008		       00	   INPT0      ds	1	; $08	     x000 0000	     Read Pot Port 0
    150 U0009		       00	   INPT1      ds	1	; $09	     x000 0000	     Read Pot Port 1
    151 U000a		       00	   INPT2      ds	1	; $0A	     x000 0000	     Read Pot Port 2
    152 U000b		       00	   INPT3      ds	1	; $0B	     x000 0000	     Read Pot Port 3
    153 U000c		       00	   INPT4      ds	1	; $0C	     x000 0000	     Read Input (Trigger) 0
    154 U000d		       00	   INPT5      ds	1	; $0D	     x000 0000	     Read Input (Trigger) 1
    155 U000e
    156 U000e							;-------------------------------------------------------------------------------
    157 U000e
    158 U02a0 ????				      SEG.U	RIOT
    159 U0280					      ORG	$280
    160 U0280
    161 U0280							; RIOT MEMORY MAP
    162 U0280
    163 U0280		       00	   SWCHA      ds	1	; $280      Port A data register for joysticks:
    164 U0281							;	     Bits 4-7 for player 1.  Bits 0-3 for player 2.
    165 U0281
    166 U0281		       00	   SWACNT     ds	1	; $281      Port A data direction register (DDR)
    167 U0282		       00	   SWCHB      ds	1	; $282      Port B data (console switches)
    168 U0283		       00	   SWBCNT     ds	1	; $283      Port B DDR
    169 U0284		       00	   INTIM      ds	1	; $284      Timer output (and disable timer interrupt)
    170 U0285
    171 U0285		       00	   TIMINT     ds	1	; $285      Read the interrupt flags
    172 U0286
    173 U0286							; Mirrored registers, part 1 ($285-$294)
    174 U0286
    175 U0286		       00		      ds	1	; $286      Mirror of INTIM
    176 U0287		       00		      ds	1	; $287      Mirror of TIMINT
    177 U0288		       00		      ds	1	; $288      Mirror of SWCHA
    178 U0289		       00		      ds	1	; $289      Mirror of SWACNT
    179 U028a		       00		      ds	1	; $28A      Mirror of SWCHB
    180 U028b		       00		      ds	1	; $28B      Mirror of SWBCNT
    181 U028c		       00		      ds	1	; $28C      Timer output (and enable timer interrupt)
    182 U028d		       00		      ds	1	; $28D      Mirror of TIMINT
    183 U028e		       00		      ds	1	; $28E      Mirror of $28C
    184 U028f		       00		      ds	1	; $28F      Mirror of TIMINT
    185 U0290		       00		      ds	1	; $290      Mirror of SWCHA
    186 U0291		       00		      ds	1	; $291      Mirror of SWACNT
    187 U0292		       00		      ds	1	; $292      Mirror of SWCHB
    188 U0293		       00		      ds	1	; $293      Mirror of SWBCNT
    189 U0294
    190 U0294		       00	   TIM1T      ds	1	; $294      set 1 clock interval (and disable timer interrupt)
    191 U0295		       00	   TIM8T      ds	1	; $295      set 8 clock interval (and disable timer interrupt)
    192 U0296		       00	   TIM64T     ds	1	; $296      set 64 clock interval (and disable timer interrupt)
    193 U0297		       00	   T1024T     ds	1	; $297      set 1024 clock interval (and disable timer interrupt)
    194 U0298
    195 U0298							; Mirrored registers, part 2 ($298-$29b)
    196 U0298
    197 U0298		       00		      ds	1	; $298      Mirror of SWCHA
    198 U0299		       00		      ds	1	; $299      Mirror of SWACNT
    199 U029a		       00		      ds	1	; $29A      Mirror of SWCHB
    200 U029b		       00		      ds	1	; $29B      Mirror of SWBCNT
    201 U029c
    202 U029c		       00	   TIM1I      ds	1	; $29C      set 1 clock interval (and enable timer interrupt)
    203 U029d		       00	   TIM8I      ds	1	; $29D      set 8 clock interval (and enable timer interrupt)
    204 U029e		       00	   TIM64I     ds	1	; $29E      set 64 clock interval (and enable timer interrupt)
    205 U029f		       00	   T1024I     ds	1	; $29F      set 1024 clock interval (and enable timer interrupt)
    206 U02a0
    207 U02a0
    208 U02a0							;-------------------------------------------------------------------------------
    209 U02a0							; The following required for back-compatibility with code which does not use
    210 U02a0							; segments.
    211 U02a0
    212  0000 ????				      SEG
    213  0000 ????
    214  0000 ????						; EOF
------- FILE verticalposition.asm
      5  0000 ????
      6  0000 ????						;start an uninitialized segment for variable declaration ($80 to $FF can be used, minus a few at the end for the stack)
      7 U0082 ????				      seg.u	Variables
      8 U0080					      org	$80
      9 U0080		       00	   P0Height   byte.b		;Player sprite height
     10 U0081		       00	   PlayerYPos byte.b		;Y position of player
     11 U0082
     12 U0082							;start ROM code segment
     13  10000 ????				       seg	code
     14  f000					      org	$F000
     15  f000
     16  f000				   reset
      0  f000					      CLEAN_START
      1  f000		       78		      sei
      2  f001		       d8		      cld
      3  f002
      4  f002					      IFNCONST	NO_ILLEGAL_OPCODES
      5  f002		       ab 00		      lxa	#0
      6  f004				  -	      ELSE
      7  f004				  -	      ldx	#0
      8  f004				  -	      txa
      9  f004					      ENDIF
     10  f004		       a8		      tay
     11  f005		       ca	   .CLEAR_STACK dex
     12  f006		       9a		      txs
     13  f007		       48		      pha
     14  f008		       d0 fb		      bne	.CLEAR_STACK
     15  f00a
     18  f00a
     19  f00a		       a2 00		      ldx	#$00	;black background
     20  f00c		       86 09		      stx	COLUBK
     21  f00e
     22  f00e							;initialize variables
     23  f00e		       a9 b4		      lda	#180
     24  f010		       85 81		      sta	PlayerYPos	;PlayerYPos = 180
     25  f012
     26  f012		       a9 09		      lda	#9
     27  f014		       85 80		      sta	P0Height	;P0Height = 9
     28  f016
     29  f016							;start a new frame by configuring VSYNC and VBLANK
     30  f016				   StartFrame
     31  f016		       a9 02		      lda	#2
     32  f018		       85 00		      sta	VSYNC
     33  f01a		       85 01		      sta	VBLANK
     34  f01c
     35  f01c							;generate 3 lines of VSYNC
     36  f01c					      REPEAT	3
     37  f01c		       85 02		      sta	WSYNC
     36  f01c					      REPEND
     37  f01e		       85 02		      sta	WSYNC
     36  f01e					      REPEND
     37  f020		       85 02		      sta	WSYNC
     38  f022					      REPEND
     39  f022
     40  f022		       a9 00		      lda	#0
     41  f024		       85 00		      sta	VSYNC
     42  f026
     43  f026							;generate 37 lines of VBLANK
     44  f026					      REPEAT	37
     45  f026		       85 02		      sta	WSYNC
     44  f026					      REPEND
     45  f028		       85 02		      sta	WSYNC
     44  f028					      REPEND
     45  f02a		       85 02		      sta	WSYNC
     44  f02a					      REPEND
     45  f02c		       85 02		      sta	WSYNC
     44  f02c					      REPEND
     45  f02e		       85 02		      sta	WSYNC
     44  f02e					      REPEND
     45  f030		       85 02		      sta	WSYNC
     44  f030					      REPEND
     45  f032		       85 02		      sta	WSYNC
     44  f032					      REPEND
     45  f034		       85 02		      sta	WSYNC
     44  f034					      REPEND
     45  f036		       85 02		      sta	WSYNC
     44  f036					      REPEND
     45  f038		       85 02		      sta	WSYNC
     44  f038					      REPEND
     45  f03a		       85 02		      sta	WSYNC
     44  f03a					      REPEND
     45  f03c		       85 02		      sta	WSYNC
     44  f03c					      REPEND
     45  f03e		       85 02		      sta	WSYNC
     44  f03e					      REPEND
     45  f040		       85 02		      sta	WSYNC
     44  f040					      REPEND
     45  f042		       85 02		      sta	WSYNC
     44  f042					      REPEND
     45  f044		       85 02		      sta	WSYNC
     44  f044					      REPEND
     45  f046		       85 02		      sta	WSYNC
     44  f046					      REPEND
     45  f048		       85 02		      sta	WSYNC
     44  f048					      REPEND
     45  f04a		       85 02		      sta	WSYNC
     44  f04a					      REPEND
     45  f04c		       85 02		      sta	WSYNC
     44  f04c					      REPEND
     45  f04e		       85 02		      sta	WSYNC
     44  f04e					      REPEND
     45  f050		       85 02		      sta	WSYNC
     44  f050					      REPEND
     45  f052		       85 02		      sta	WSYNC
     44  f052					      REPEND
     45  f054		       85 02		      sta	WSYNC
     44  f054					      REPEND
     45  f056		       85 02		      sta	WSYNC
     44  f056					      REPEND
     45  f058		       85 02		      sta	WSYNC
     44  f058					      REPEND
     45  f05a		       85 02		      sta	WSYNC
     44  f05a					      REPEND
     45  f05c		       85 02		      sta	WSYNC
     44  f05c					      REPEND
     45  f05e		       85 02		      sta	WSYNC
     44  f05e					      REPEND
     45  f060		       85 02		      sta	WSYNC
     44  f060					      REPEND
     45  f062		       85 02		      sta	WSYNC
     44  f062					      REPEND
     45  f064		       85 02		      sta	WSYNC
     44  f064					      REPEND
     45  f066		       85 02		      sta	WSYNC
     44  f066					      REPEND
     45  f068		       85 02		      sta	WSYNC
     44  f068					      REPEND
     45  f06a		       85 02		      sta	WSYNC
     44  f06a					      REPEND
     45  f06c		       85 02		      sta	WSYNC
     44  f06c					      REPEND
     45  f06e		       85 02		      sta	WSYNC
     46  f070					      REPEND
     47  f070		       a9 00		      lda	#0
     48  f072		       85 01		      sta	VBLANK
     49  f074
     50  f074							;Draw 192 visible scanlines
     51  f074		       a2 c0		      ldx	#192
     52  f076
     53  f076				   Scanline
     54  f076		       8a		      txa		;transfer X to A
     55  f077		       38		      sec		;make sure the carry flag is set
     56  f078		       e5 81		      sbc	PlayerYPos	;subtract sprite Y coordinate
     57  f07a		       c5 80		      cmp	P0Height	;are we in the sprites bounding box?
     58  f07c		       90 02		      bcc	LoadBitmap	;if result < P0Height, call subroutine
     59  f07e		       a9 00		      lda	#0	;else, load 0
     60  f080
     61  f080				   LoadBitmap
     62  f080		       a8		      tay		;transfer A to Y
     63  f081		       b9 d5 f0 	      lda	P0Bitmap,Y	;loads player 0 bitmap slice of data
     64  f084		       85 02		      sta	WSYNC	;wait for next scanline
     65  f086		       85 1b		      sta	GRP0	;set graphics for player 0 slice
     66  f088		       b9 de f0 	      lda	P0Colour,Y	;loads player 0 colour from table
     67  f08b		       85 06		      sta	COLUP0	;set colour for player 0 slice
     68  f08d		       ca		      dex		; X--
     69  f08e		       d0 e6		      bne	Scanline	;repeat next scanline until finished
     70  f090
     71  f090							;draw 30 lines of overscan
     72  f090				   Overscan
     73  f090		       a9 02		      lda	#2
     74  f092		       85 01		      sta	VBLANK
     75  f094					      REPEAT	30
     76  f094		       85 02		      sta	WSYNC
     75  f094					      REPEND
     76  f096		       85 02		      sta	WSYNC
     75  f096					      REPEND
     76  f098		       85 02		      sta	WSYNC
     75  f098					      REPEND
     76  f09a		       85 02		      sta	WSYNC
     75  f09a					      REPEND
     76  f09c		       85 02		      sta	WSYNC
     75  f09c					      REPEND
     76  f09e		       85 02		      sta	WSYNC
     75  f09e					      REPEND
     76  f0a0		       85 02		      sta	WSYNC
     75  f0a0					      REPEND
     76  f0a2		       85 02		      sta	WSYNC
     75  f0a2					      REPEND
     76  f0a4		       85 02		      sta	WSYNC
     75  f0a4					      REPEND
     76  f0a6		       85 02		      sta	WSYNC
     75  f0a6					      REPEND
     76  f0a8		       85 02		      sta	WSYNC
     75  f0a8					      REPEND
     76  f0aa		       85 02		      sta	WSYNC
     75  f0aa					      REPEND
     76  f0ac		       85 02		      sta	WSYNC
     75  f0ac					      REPEND
     76  f0ae		       85 02		      sta	WSYNC
     75  f0ae					      REPEND
     76  f0b0		       85 02		      sta	WSYNC
     75  f0b0					      REPEND
     76  f0b2		       85 02		      sta	WSYNC
     75  f0b2					      REPEND
     76  f0b4		       85 02		      sta	WSYNC
     75  f0b4					      REPEND
     76  f0b6		       85 02		      sta	WSYNC
     75  f0b6					      REPEND
     76  f0b8		       85 02		      sta	WSYNC
     75  f0b8					      REPEND
     76  f0ba		       85 02		      sta	WSYNC
     75  f0ba					      REPEND
     76  f0bc		       85 02		      sta	WSYNC
     75  f0bc					      REPEND
     76  f0be		       85 02		      sta	WSYNC
     75  f0be					      REPEND
     76  f0c0		       85 02		      sta	WSYNC
     75  f0c0					      REPEND
     76  f0c2		       85 02		      sta	WSYNC
     75  f0c2					      REPEND
     76  f0c4		       85 02		      sta	WSYNC
     75  f0c4					      REPEND
     76  f0c6		       85 02		      sta	WSYNC
     75  f0c6					      REPEND
     76  f0c8		       85 02		      sta	WSYNC
     75  f0c8					      REPEND
     76  f0ca		       85 02		      sta	WSYNC
     75  f0ca					      REPEND
     76  f0cc		       85 02		      sta	WSYNC
     75  f0cc					      REPEND
     76  f0ce		       85 02		      sta	WSYNC
     77  f0d0					      REPEND
     78  f0d0
     79  f0d0
     80  f0d0		       c6 81		      dec	PlayerYPos
     81  f0d2
     82  f0d2							;loop
     83  f0d2		       4c 16 f0 	      jmp	StartFrame
     84  f0d5
     85  f0d5							;player graphics bitmap
     86  f0d5				   P0Bitmap
     87  f0d5		       00		      .byte.b	#%00000000
     88  f0d6		       28		      .byte.b	#%00101000
     89  f0d7		       74		      .byte.b	#%01110100
     90  f0d8		       fa		      .byte.b	#%11111010
     91  f0d9		       fa		      .byte.b	#%11111010
     92  f0da		       fa		      .byte.b	#%11111010
     93  f0db		       fe		      .byte.b	#%11111110
     94  f0dc		       6c		      .byte.b	#%01101100
     95  f0dd		       30		      .byte.b	#%00110000
     96  f0de
     97  f0de							;player colours table
     98  f0de				   P0Colour
     99  f0de		       00		      .byte.b	#$00
    100  f0df		       40		      .byte.b	#$40
    101  f0e0		       40		      .byte.b	#$40
    102  f0e1		       40		      .byte.b	#$40
    103  f0e2		       40		      .byte.b	#$40
    104  f0e3		       42		      .byte.b	#$42
    105  f0e4		       42		      .byte.b	#$42
    106  f0e5		       44		      .byte.b	#$44
    107  f0e6		       d2		      .byte.b	#$D2
    108  f0e7
    109  f0e7							;end of ROM
    110  fffc					      org	$FFFC
    111  fffc		       00 f0		      .word.w	reset
    112  fffe		       00 f0		      .word.w	reset
