------- FILE screenobjects.asm LEVEL 1 PASS 2
      1  fffe					      processor	6502
      2  10000 ????
------- FILE macro.h LEVEL 2 PASS 2
      0  10000 ????				       include	"macro.h"
      1  10000 ????						; MACRO.H
      2  10000 ????						; Version 1.09, 05/SEP/2020
      3  10000 ????
      4  10000 ????		00 6d	    VERSION_MACRO =	109
      5  10000 ????
      6  10000 ????						;
      7  10000 ????						; THIS FILE IS EXPLICITLY SUPPORTED AS A DASM-PREFERRED COMPANION FILE
      8  10000 ????						; The latest version can be found at https://dasm-assembler.github.io/
      9  10000 ????						;
     10  10000 ????						; This file defines DASM macros useful for development for the Atari 2600.
     11  10000 ????						; It is distributed as a companion machine-specific support package
     12  10000 ????						; for the DASM compiler.
     13  10000 ????						;
     14  10000 ????						; Many thanks to the people who have contributed. If you find an issue with the
     15  10000 ????						; contents, or would like ot add something, please report as an issue at...
     16  10000 ????						; https://github.com/dasm-assembler/dasm/issues
     17  10000 ????
     18  10000 ????
     19  10000 ????						; Latest Revisions...
     20  10000 ????						; 1.09  05/SEP/2020	 - updated license/links
     21  10000 ????
     22  10000 ????						; 1.08  13/JUL/2020	 - added use of LXA to CLEAN_START
     23  10000 ????						; 1.07  19/JAN/2020	 - correction to comment VERTICAL_SYNC
     24  10000 ????						; 1.06  03/SEP/2004	 - nice revision of VERTICAL_SYNC (Edwin Blink)
     25  10000 ????						; 1.05  14/NOV/2003	 - Added VERSION_MACRO equate (which will reflect 100x version #)
     26  10000 ????						;			   This will allow conditional code to verify MACRO.H being
     27  10000 ????						;			   used for code assembly.
     28  10000 ????						; 1.04  13/NOV/2003	 - SET_POINTER macro added (16-bit address load)
     29  10000 ????						;
     30  10000 ????						; 1.03  23/JUN/2003	 - CLEAN_START macro added - clears TIA, RAM, registers
     31  10000 ????						;
     32  10000 ????						; 1.02  14/JUN/2003	 - VERTICAL_SYNC macro added
     33  10000 ????						;			   (standardised macro for vertical synch code)
     34  10000 ????						; 1.01  22/MAR/2003	 - SLEEP macro added.
     35  10000 ????						;			 - NO_ILLEGAL_OPCODES switch implemented
     36  10000 ????						; 1.0	22/MAR/2003		Initial release
     37  10000 ????
     38  10000 ????						; Note: These macros use illegal opcodes.  To disable illegal opcode usage,
     39  10000 ????						;   define the symbol NO_ILLEGAL_OPCODES (-DNO_ILLEGAL_OPCODES=1 on command-line).
     40  10000 ????						;   If you do not allow illegal opcode usage, you must include this file
     41  10000 ????						;   *after* including VCS.H (as the non-illegal opcodes access hardware
     42  10000 ????						;   registers and require them to be defined first).
     43  10000 ????
     44  10000 ????						; Available macros...
     45  10000 ????						;   SLEEP n		 - sleep for n cycles
     46  10000 ????						;   VERTICAL_SYNC	 - correct 3 scanline vertical synch code
     47  10000 ????						;   CLEAN_START	 - set machine to known state on startup
     48  10000 ????						;   SET_POINTER	 - load a 16-bit absolute to a 16-bit variable
     49  10000 ????
     50  10000 ????						;-------------------------------------------------------------------------------
     51  10000 ????						; SLEEP duration
     52  10000 ????						; Original author: Thomas Jentzsch
     53  10000 ????						; Inserts code which takes the specified number of cycles to execute.	This is
     54  10000 ????						; useful for code where precise timing is required.
     55  10000 ????						; ILLEGAL-OPCODE VERSION DOES NOT AFFECT FLAGS OR REGISTERS.
     56  10000 ????						; LEGAL OPCODE VERSION MAY AFFECT FLAGS
     57  10000 ????						; Uses illegal opcode (DASM 2.20.01 onwards).
     58  10000 ????
     59  10000 ????				       MAC	sleep
     60  10000 ????			    .CYCLES    SET	{1}
     61  10000 ????
     62  10000 ????				       IF	.CYCLES < 2
     63  10000 ????				       ECHO	"MACRO ERROR: 'SLEEP': Duration must be > 1"
     64  10000 ????				       ERR
     65  10000 ????				       ENDIF
     66  10000 ????
     67  10000 ????				       IF	.CYCLES & 1
     68  10000 ????				       IFNCONST	NO_ILLEGAL_OPCODES
     69  10000 ????				       nop	0
     70  10000 ????				       ELSE
     71  10000 ????				       bit	VSYNC
     72  10000 ????				       ENDIF
     73  10000 ????			    .CYCLES    SET	.CYCLES - 3
     74  10000 ????				       ENDIF
     75  10000 ????
     76  10000 ????				       REPEAT	.CYCLES / 2
     77  10000 ????				       nop
     78  10000 ????				       REPEND
     79  10000 ????				       ENDM		;usage: SLEEP n (n>1)
     80  10000 ????
     81  10000 ????						;-------------------------------------------------------------------------------
     82  10000 ????						; VERTICAL_SYNC
     83  10000 ????						; revised version by Edwin Blink -- saves bytes!
     84  10000 ????						; Inserts the code required for a proper 3 scanline vertical sync sequence
     85  10000 ????						; Note: Alters the accumulator
     86  10000 ????
     87  10000 ????						; OUT: A = 0
     88  10000 ????
     89  10000 ????				       MAC	vertical_sync
     90  10000 ????				       lda	#%1110	; each '1' bits generate a VSYNC ON line (bits 1..3)
     91  10000 ????			    .VSLP1     sta	WSYNC	; 1st '0' bit resets Vsync, 2nd '0' bit exit loop
     92  10000 ????				       sta	VSYNC
     93  10000 ????				       lsr
     94  10000 ????				       bne	.VSLP1	; branch until VYSNC has been reset
     95  10000 ????				       ENDM
     96  10000 ????
     97  10000 ????						;-------------------------------------------------------------------------------
     98  10000 ????						; CLEAN_START
     99  10000 ????						; Original author: Andrew Davie
    100  10000 ????						; Standardised start-up code, clears stack, all TIA registers and RAM to 0
    101  10000 ????						; Sets stack pointer to $FF, and all registers to 0
    102  10000 ????						; Sets decimal mode off, sets interrupt flag (kind of un-necessary)
    103  10000 ????						; Use as very first section of code on boot (ie: at reset)
    104  10000 ????						; Code written to minimise total ROM usage - uses weird 6502 knowledge :)
    105  10000 ????
    106  10000 ????				       MAC	clean_start
    107  10000 ????				       sei
    108  10000 ????				       cld
    109  10000 ????
    110  10000 ????				       IFNCONST	NO_ILLEGAL_OPCODES
    111  10000 ????				       lxa	#0
    112  10000 ????				       ELSE
    113  10000 ????				       ldx	#0
    114  10000 ????				       txa
    115  10000 ????				       ENDIF
    116  10000 ????				       tay
    117  10000 ????			    .CLEAR_STACK dex
    118  10000 ????				       txs
    119  10000 ????				       pha
    120  10000 ????				       bne	.CLEAR_STACK	; SP=$FF, X = A = Y = 0
    121  10000 ????
    122  10000 ????				       ENDM
    123  10000 ????
    124  10000 ????						;-------------------------------------------------------
    125  10000 ????						; SET_POINTER
    126  10000 ????						; Original author: Manuel Rotschkar
    127  10000 ????						;
    128  10000 ????						; Sets a 2 byte RAM pointer to an absolute address.
    129  10000 ????						;
    130  10000 ????						; Usage: SET_POINTER pointer, address
    131  10000 ????						; Example: SET_POINTER SpritePTR, SpriteData
    132  10000 ????						;
    133  10000 ????						; Note: Alters the accumulator, NZ flags
    134  10000 ????						; IN 1: 2 byte RAM location reserved for pointer
    135  10000 ????						; IN 2: absolute address
    136  10000 ????
    137  10000 ????				       MAC	set_pointer
    138  10000 ????			    .POINTER   SET	{1}
    139  10000 ????			    .ADDRESS   SET	{2}
    140  10000 ????
    141  10000 ????				       LDA	#<.ADDRESS	; Get Lowbyte of Address
    142  10000 ????				       STA	.POINTER	; Store in pointer
    143  10000 ????				       LDA	#>.ADDRESS	; Get Hibyte of Address
    144  10000 ????				       STA	.POINTER+1	; Store in pointer+1
    145  10000 ????
    146  10000 ????				       ENDM
    147  10000 ????
    148  10000 ????						;-------------------------------------------------------
    149  10000 ????						; BOUNDARY byte#
    150  10000 ????						; Original author: Denis Debro (borrowed from Bob Smith / Thomas)
    151  10000 ????						;
    152  10000 ????						; Push data to a certain position inside a page and keep count of how
    153  10000 ????						; many free bytes the programmer will have.
    154  10000 ????						;
    155  10000 ????						; eg: BOUNDARY 5    ; position at byte #5 in page
    156  10000 ????
    157  10000 ????			    .FREE_BYTES SET	0
    158  10000 ????				       MAC	boundary
    159  10000 ????				       REPEAT	256
    160  10000 ????				       IF	<. % {1} = 0
    161  10000 ????				       MEXIT
    162  10000 ????				       ELSE
    163  10000 ????			    .FREE_BYTES SET	.FREE_BYTES + 1
    164  10000 ????				       .byte	$00
    165  10000 ????				       ENDIF
    166  10000 ????				       REPEND
    167  10000 ????				       ENDM
    168  10000 ????
    169  10000 ????
    170  10000 ????						; EOF
------- FILE screenobjects.asm
------- FILE vcs.h LEVEL 2 PASS 2
      0  10000 ????				       include	"vcs.h"
      1  10000 ????						; VCS.H
      2  10000 ????						; Version 1.07, 08/OCT/2021
      3  10000 ????
      4  10000 ????		00 6b	    VERSION_VCS =	107
      5  10000 ????
      6  10000 ????						; THIS IS *THE* "STANDARD" VCS.H
      7  10000 ????						; THIS FILE IS EXPLICITLY SUPPORTED AS A DASM-PREFERRED COMPANION FILE
      8  10000 ????						; The latest version can be found at https://dasm-assembler.github.io/
      9  10000 ????						;
     10  10000 ????						; This file defines hardware registers and memory mapping for the
     11  10000 ????						; Atari 2600. It is distributed as a companion machine-specific support package
     12  10000 ????						; for the DASM compiler. Updates to this file, DASM, and associated tools are
     13  10000 ????						; available at at https://dasm-assembler.github.io/
     14  10000 ????						;
     15  10000 ????						; Many thanks to the people who have contributed. If you find an issue with the
     16  10000 ????						; contents, or would like ot add something, please report as an issue at...
     17  10000 ????						; https://github.com/dasm-assembler/dasm/issues
     18  10000 ????
     19  10000 ????						;
     20  10000 ????						; Latest Revisions...
     21  10000 ????						; 1.07  08/OCT/2021	 Added timer interrupt registers
     22  10000 ????						; 1.06  05/SEP/2020	 Modified header/license and links to new versions
     23  10000 ????						; 1.05  13/NOV/2003	  - Correction to 1.04 - now functions as requested by MR.
     24  10000 ????						;			  - Added VERSION_VCS equate (which will reflect 100x version #)
     25  10000 ????						;			    This will allow conditional code to verify VCS.H being
     26  10000 ????						;			    used for code assembly.
     27  10000 ????						; 1.04  12/NOV/2003	 Added TIA_BASE_WRITE_ADDRESS and TIA_BASE_READ_ADDRESS for
     28  10000 ????						;			 convenient disassembly/reassembly compatibility for hardware
     29  10000 ????						;			 mirrored reading/writing differences.	This is more a
     30  10000 ????						;			 readability issue, and binary compatibility with disassembled
     31  10000 ????						;			 and reassembled sources.  Per Manuel Rotschkar's suggestion.
     32  10000 ????						; 1.03  12/MAY/2003	 Added SEG segment at end of file to fix old-code compatibility
     33  10000 ????						;			 which was broken by the use of segments in this file, as
     34  10000 ????						;			 reported by Manuel Polik on [stella] 11/MAY/2003
     35  10000 ????						; 1.02  22/MAR/2003	 Added TIMINT($285)
     36  10000 ????						; 1.01 		 Constant offset added to allow use for 3F-style bankswitching
     37  10000 ????						;			  - define TIA_BASE_ADDRESS as $40 for Tigervision carts, otherwise
     38  10000 ????						;			    it is safe to leave it undefined, and the base address will
     39  10000 ????						;			    be set to 0.  Thanks to Eckhard Stolberg for the suggestion.
     40  10000 ????						;			    Note, may use -DLABEL=EXPRESSION to define TIA_BASE_ADDRESS
     41  10000 ????						;			  - register definitions are now generated through assignment
     42  10000 ????						;			    in uninitialised segments.	This allows a changeable base
     43  10000 ????						;			    address architecture.
     44  10000 ????						; 1.0	 22/MAR/2003	 Initial release
     45  10000 ????
     46  10000 ????
     47  10000 ????						;-------------------------------------------------------------------------------
     48  10000 ????
     49  10000 ????						; TIA_BASE_ADDRESS
     50  10000 ????						; The TIA_BASE_ADDRESS defines the base address of access to TIA registers.
     51  10000 ????						; Normally 0, the base address should (externally, before including this file)
     52  10000 ????						; be set to $40 when creating 3F-bankswitched (and other?) cartridges.
     53  10000 ????						; The reason is that this bankswitching scheme treats any access to locations
     54  10000 ????						; < $40 as a bankswitch.
     55  10000 ????
     56  10000 ????			   -	       IFNCONST	TIA_BASE_ADDRESS
     57  10000 ????			   -TIA_BASE_ADDRESS =	0
     58  10000 ????				       ENDIF
     59  10000 ????
     60  10000 ????						; Note: The address may be defined on the command-line using the -D switch, eg:
     61  10000 ????						; dasm.exe code.asm -DTIA_BASE_ADDRESS=$40 -f3 -v5 -ocode.bin
     62  10000 ????						; *OR* by declaring the label before including this file, eg:
     63  10000 ????						; TIA_BASE_ADDRESS = $40
     64  10000 ????						;   include "vcs.h"
     65  10000 ????
     66  10000 ????						; Alternate read/write address capability - allows for some disassembly compatibility
     67  10000 ????						; usage ; to allow reassembly to binary perfect copies).  This is essentially catering
     68  10000 ????						; for the mirrored ROM hardware registers.
     69  10000 ????
     70  10000 ????						; Usage: As per above, define the TIA_BASE_READ_ADDRESS and/or TIA_BASE_WRITE_ADDRESS
     71  10000 ????						; using the -D command-line switch, as required.  If the addresses are not defined,
     72  10000 ????						; they defaut to the TIA_BASE_ADDRESS.
     73  10000 ????
     74  10000 ????			   -	       IFNCONST	TIA_BASE_READ_ADDRESS
     75  10000 ????			   -TIA_BASE_READ_ADDRESS =	TIA_BASE_ADDRESS
     76  10000 ????				       ENDIF
     77  10000 ????
     78  10000 ????			   -	       IFNCONST	TIA_BASE_WRITE_ADDRESS
     79  10000 ????			   -TIA_BASE_WRITE_ADDRESS =	TIA_BASE_ADDRESS
     80  10000 ????				       ENDIF
     81  10000 ????
     82  10000 ????						;-------------------------------------------------------------------------------
     83  10000 ????
     84 U002d ????				      SEG.U	TIA_REGISTERS_WRITE
     85 U0000					      ORG	TIA_BASE_WRITE_ADDRESS
     86 U0000
     87 U0000							; DO NOT CHANGE THE RELATIVE ORDERING OF REGISTERS!
     88 U0000
     89 U0000		       00	   VSYNC      ds	1	; $00	 0000 00x0   Vertical Sync Set-Clear
     90 U0001		       00	   VBLANK     ds	1	; $01	 xx00 00x0   Vertical Blank Set-Clear
     91 U0002		       00	   WSYNC      ds	1	; $02	 ---- ----   Wait for Horizontal Blank
     92 U0003		       00	   RSYNC      ds	1	; $03	 ---- ----   Reset Horizontal Sync Counter
     93 U0004		       00	   NUSIZ0     ds	1	; $04	 00xx 0xxx   Number-Size player/missle 0
     94 U0005		       00	   NUSIZ1     ds	1	; $05	 00xx 0xxx   Number-Size player/missle 1
     95 U0006		       00	   COLUP0     ds	1	; $06	 xxxx xxx0   Color-Luminance Player 0
     96 U0007		       00	   COLUP1     ds	1	; $07	 xxxx xxx0   Color-Luminance Player 1
     97 U0008		       00	   COLUPF     ds	1	; $08	 xxxx xxx0   Color-Luminance Playfield
     98 U0009		       00	   COLUBK     ds	1	; $09	 xxxx xxx0   Color-Luminance Background
     99 U000a		       00	   CTRLPF     ds	1	; $0A	 00xx 0xxx   Control Playfield, Ball, Collisions
    100 U000b		       00	   REFP0      ds	1	; $0B	 0000 x000   Reflection Player 0
    101 U000c		       00	   REFP1      ds	1	; $0C	 0000 x000   Reflection Player 1
    102 U000d		       00	   PF0	      ds	1	; $0D	 xxxx 0000   Playfield Register Byte 0
    103 U000e		       00	   PF1	      ds	1	; $0E	 xxxx xxxx   Playfield Register Byte 1
    104 U000f		       00	   PF2	      ds	1	; $0F	 xxxx xxxx   Playfield Register Byte 2
    105 U0010		       00	   RESP0      ds	1	; $10	 ---- ----   Reset Player 0
    106 U0011		       00	   RESP1      ds	1	; $11	 ---- ----   Reset Player 1
    107 U0012		       00	   RESM0      ds	1	; $12	 ---- ----   Reset Missle 0
    108 U0013		       00	   RESM1      ds	1	; $13	 ---- ----   Reset Missle 1
    109 U0014		       00	   RESBL      ds	1	; $14	 ---- ----   Reset Ball
    110 U0015		       00	   AUDC0      ds	1	; $15	 0000 xxxx   Audio Control 0
    111 U0016		       00	   AUDC1      ds	1	; $16	 0000 xxxx   Audio Control 1
    112 U0017		       00	   AUDF0      ds	1	; $17	 000x xxxx   Audio Frequency 0
    113 U0018		       00	   AUDF1      ds	1	; $18	 000x xxxx   Audio Frequency 1
    114 U0019		       00	   AUDV0      ds	1	; $19	 0000 xxxx   Audio Volume 0
    115 U001a		       00	   AUDV1      ds	1	; $1A	 0000 xxxx   Audio Volume 1
    116 U001b		       00	   GRP0       ds	1	; $1B	 xxxx xxxx   Graphics Register Player 0
    117 U001c		       00	   GRP1       ds	1	; $1C	 xxxx xxxx   Graphics Register Player 1
    118 U001d		       00	   ENAM0      ds	1	; $1D	 0000 00x0   Graphics Enable Missle 0
    119 U001e		       00	   ENAM1      ds	1	; $1E	 0000 00x0   Graphics Enable Missle 1
    120 U001f		       00	   ENABL      ds	1	; $1F	 0000 00x0   Graphics Enable Ball
    121 U0020		       00	   HMP0       ds	1	; $20	 xxxx 0000   Horizontal Motion Player 0
    122 U0021		       00	   HMP1       ds	1	; $21	 xxxx 0000   Horizontal Motion Player 1
    123 U0022		       00	   HMM0       ds	1	; $22	 xxxx 0000   Horizontal Motion Missle 0
    124 U0023		       00	   HMM1       ds	1	; $23	 xxxx 0000   Horizontal Motion Missle 1
    125 U0024		       00	   HMBL       ds	1	; $24	 xxxx 0000   Horizontal Motion Ball
    126 U0025		       00	   VDELP0     ds	1	; $25	 0000 000x   Vertical Delay Player 0
    127 U0026		       00	   VDELP1     ds	1	; $26	 0000 000x   Vertical Delay Player 1
    128 U0027		       00	   VDELBL     ds	1	; $27	 0000 000x   Vertical Delay Ball
    129 U0028		       00	   RESMP0     ds	1	; $28	 0000 00x0   Reset Missle 0 to Player 0
    130 U0029		       00	   RESMP1     ds	1	; $29	 0000 00x0   Reset Missle 1 to Player 1
    131 U002a		       00	   HMOVE      ds	1	; $2A	 ---- ----   Apply Horizontal Motion
    132 U002b		       00	   HMCLR      ds	1	; $2B	 ---- ----   Clear Horizontal Move Registers
    133 U002c		       00	   CXCLR      ds	1	; $2C	 ---- ----   Clear Collision Latches
    134 U002d
    135 U002d							;-------------------------------------------------------------------------------
    136 U002d
    137 U000e ????				      SEG.U	TIA_REGISTERS_READ
    138 U0000					      ORG	TIA_BASE_READ_ADDRESS
    139 U0000
    140 U0000							;					     bit 7   bit 6
    141 U0000		       00	   CXM0P      ds	1	; $00	     xx00 0000	     Read Collision  M0-P1   M0-P0
    142 U0001		       00	   CXM1P      ds	1	; $01	     xx00 0000			     M1-P0   M1-P1
    143 U0002		       00	   CXP0FB     ds	1	; $02	     xx00 0000			     P0-PF   P0-BL
    144 U0003		       00	   CXP1FB     ds	1	; $03	     xx00 0000			     P1-PF   P1-BL
    145 U0004		       00	   CXM0FB     ds	1	; $04	     xx00 0000			     M0-PF   M0-BL
    146 U0005		       00	   CXM1FB     ds	1	; $05	     xx00 0000			     M1-PF   M1-BL
    147 U0006		       00	   CXBLPF     ds	1	; $06	     x000 0000			     BL-PF   -----
    148 U0007		       00	   CXPPMM     ds	1	; $07	     xx00 0000			     P0-P1   M0-M1
    149 U0008		       00	   INPT0      ds	1	; $08	     x000 0000	     Read Pot Port 0
    150 U0009		       00	   INPT1      ds	1	; $09	     x000 0000	     Read Pot Port 1
    151 U000a		       00	   INPT2      ds	1	; $0A	     x000 0000	     Read Pot Port 2
    152 U000b		       00	   INPT3      ds	1	; $0B	     x000 0000	     Read Pot Port 3
    153 U000c		       00	   INPT4      ds	1	; $0C	     x000 0000	     Read Input (Trigger) 0
    154 U000d		       00	   INPT5      ds	1	; $0D	     x000 0000	     Read Input (Trigger) 1
    155 U000e
    156 U000e							;-------------------------------------------------------------------------------
    157 U000e
    158 U02a0 ????				      SEG.U	RIOT
    159 U0280					      ORG	$280
    160 U0280
    161 U0280							; RIOT MEMORY MAP
    162 U0280
    163 U0280		       00	   SWCHA      ds	1	; $280      Port A data register for joysticks:
    164 U0281							;	     Bits 4-7 for player 1.  Bits 0-3 for player 2.
    165 U0281
    166 U0281		       00	   SWACNT     ds	1	; $281      Port A data direction register (DDR)
    167 U0282		       00	   SWCHB      ds	1	; $282      Port B data (console switches)
    168 U0283		       00	   SWBCNT     ds	1	; $283      Port B DDR
    169 U0284		       00	   INTIM      ds	1	; $284      Timer output (and disable timer interrupt)
    170 U0285
    171 U0285		       00	   TIMINT     ds	1	; $285      Read the interrupt flags
    172 U0286
    173 U0286							; Mirrored registers, part 1 ($285-$294)
    174 U0286
    175 U0286		       00		      ds	1	; $286      Mirror of INTIM
    176 U0287		       00		      ds	1	; $287      Mirror of TIMINT
    177 U0288		       00		      ds	1	; $288      Mirror of SWCHA
    178 U0289		       00		      ds	1	; $289      Mirror of SWACNT
    179 U028a		       00		      ds	1	; $28A      Mirror of SWCHB
    180 U028b		       00		      ds	1	; $28B      Mirror of SWBCNT
    181 U028c		       00		      ds	1	; $28C      Timer output (and enable timer interrupt)
    182 U028d		       00		      ds	1	; $28D      Mirror of TIMINT
    183 U028e		       00		      ds	1	; $28E      Mirror of $28C
    184 U028f		       00		      ds	1	; $28F      Mirror of TIMINT
    185 U0290		       00		      ds	1	; $290      Mirror of SWCHA
    186 U0291		       00		      ds	1	; $291      Mirror of SWACNT
    187 U0292		       00		      ds	1	; $292      Mirror of SWCHB
    188 U0293		       00		      ds	1	; $293      Mirror of SWBCNT
    189 U0294
    190 U0294		       00	   TIM1T      ds	1	; $294      set 1 clock interval (and disable timer interrupt)
    191 U0295		       00	   TIM8T      ds	1	; $295      set 8 clock interval (and disable timer interrupt)
    192 U0296		       00	   TIM64T     ds	1	; $296      set 64 clock interval (and disable timer interrupt)
    193 U0297		       00	   T1024T     ds	1	; $297      set 1024 clock interval (and disable timer interrupt)
    194 U0298
    195 U0298							; Mirrored registers, part 2 ($298-$29b)
    196 U0298
    197 U0298		       00		      ds	1	; $298      Mirror of SWCHA
    198 U0299		       00		      ds	1	; $299      Mirror of SWACNT
    199 U029a		       00		      ds	1	; $29A      Mirror of SWCHB
    200 U029b		       00		      ds	1	; $29B      Mirror of SWBCNT
    201 U029c
    202 U029c		       00	   TIM1I      ds	1	; $29C      set 1 clock interval (and enable timer interrupt)
    203 U029d		       00	   TIM8I      ds	1	; $29D      set 8 clock interval (and enable timer interrupt)
    204 U029e		       00	   TIM64I     ds	1	; $29E      set 64 clock interval (and enable timer interrupt)
    205 U029f		       00	   T1024I     ds	1	; $29F      set 1024 clock interval (and enable timer interrupt)
    206 U02a0
    207 U02a0
    208 U02a0							;-------------------------------------------------------------------------------
    209 U02a0							; The following required for back-compatibility with code which does not use
    210 U02a0							; segments.
    211 U02a0
    212  0000 ????				      SEG
    213  0000 ????
    214  0000 ????						; EOF
------- FILE screenobjects.asm
      5  0000 ????
      6  0000 ????						;start an uninitalized segment for variable declaration
      7 U0082 ????				      seg.u	variables
      8 U0080					      org	$80
      9 U0080		       00	   P0Height   ds	1	;defines 1 bytes for player 0 height
     10 U0081		       00	   P1Height   ds	1	;defines 1 bytes for player 1 height
     11 U0082
     12 U0082
     13  10000 ????				       seg	code
     14  f000					      org	$F000
     15  f000
     16  f000							;clean memory and set colours for playfield and background
     17  f000				   reset
      0  f000					      CLEAN_START
      1  f000		       78		      sei
      2  f001		       d8		      cld
      3  f002
      4  f002					      IFNCONST	NO_ILLEGAL_OPCODES
      5  f002		       ab 00		      lxa	#0
      6  f004				  -	      ELSE
      7  f004				  -	      ldx	#0
      8  f004				  -	      txa
      9  f004					      ENDIF
     10  f004		       a8		      tay
     11  f005		       ca	   .CLEAR_STACK dex
     12  f006		       9a		      txs
     13  f007		       48		      pha
     14  f008		       d0 fb		      bne	.CLEAR_STACK
     15  f00a
     19  f00a
     20  f00a		       a9 24		      lda	#$24
     21  f00c		       85 09		      sta	COLUBK
     22  f00e
     23  f00e		       a2 70		      ldx	#$70
     24  f010		       86 08		      stx	COLUPF
     25  f012
     26  f012		       a9 0a		      lda	#10
     27  f014		       85 80		      sta	P0Height	;P0 Height = 10
     28  f016		       85 81		      sta	P1Height	;P1 Height = 10
     29  f018
     30  f018							;set player colours
     31  f018
     32  f018		       a9 48		      lda	#$48
     33  f01a		       85 06		      sta	COLUP0
     34  f01c
     35  f01c		       a9 c6		      lda	#$C6
     36  f01e		       85 07		      sta	COLUP1
     37  f020
     38  f020		       a0 02		      ldy	#%00000010	;CTRLPF D1 set to 1 means Score
     39  f022		       84 0a		      sty	CTRLPF
     40  f024
     41  f024				   StartFrame
     42  f024							;turn on VBLANK and VSYNC
     43  f024		       a9 02		      lda	#2
     44  f026		       85 00		      sta	VSYNC
     45  f028		       85 01		      sta	VBLANK
     46  f02a
     47  f02a							;generate 3 lines of VSYNC
     48  f02a					      REPEAT	3
     49  f02a		       85 02		      sta	WSYNC
     48  f02a					      REPEND
     49  f02c		       85 02		      sta	WSYNC
     48  f02c					      REPEND
     49  f02e		       85 02		      sta	WSYNC
     50  f030					      REPEND
     51  f030		       a9 00		      lda	#0
     52  f032		       85 00		      sta	VSYNC
     53  f034
     54  f034							;generate 37 lines of VBLANK
     55  f034					      REPEAT	37
     56  f034		       85 02		      sta	WSYNC
     55  f034					      REPEND
     56  f036		       85 02		      sta	WSYNC
     55  f036					      REPEND
     56  f038		       85 02		      sta	WSYNC
     55  f038					      REPEND
     56  f03a		       85 02		      sta	WSYNC
     55  f03a					      REPEND
     56  f03c		       85 02		      sta	WSYNC
     55  f03c					      REPEND
     56  f03e		       85 02		      sta	WSYNC
     55  f03e					      REPEND
     56  f040		       85 02		      sta	WSYNC
     55  f040					      REPEND
     56  f042		       85 02		      sta	WSYNC
     55  f042					      REPEND
     56  f044		       85 02		      sta	WSYNC
     55  f044					      REPEND
     56  f046		       85 02		      sta	WSYNC
     55  f046					      REPEND
     56  f048		       85 02		      sta	WSYNC
     55  f048					      REPEND
     56  f04a		       85 02		      sta	WSYNC
     55  f04a					      REPEND
     56  f04c		       85 02		      sta	WSYNC
     55  f04c					      REPEND
     56  f04e		       85 02		      sta	WSYNC
     55  f04e					      REPEND
     56  f050		       85 02		      sta	WSYNC
     55  f050					      REPEND
     56  f052		       85 02		      sta	WSYNC
     55  f052					      REPEND
     56  f054		       85 02		      sta	WSYNC
     55  f054					      REPEND
     56  f056		       85 02		      sta	WSYNC
     55  f056					      REPEND
     56  f058		       85 02		      sta	WSYNC
     55  f058					      REPEND
     56  f05a		       85 02		      sta	WSYNC
     55  f05a					      REPEND
     56  f05c		       85 02		      sta	WSYNC
     55  f05c					      REPEND
     56  f05e		       85 02		      sta	WSYNC
     55  f05e					      REPEND
     56  f060		       85 02		      sta	WSYNC
     55  f060					      REPEND
     56  f062		       85 02		      sta	WSYNC
     55  f062					      REPEND
     56  f064		       85 02		      sta	WSYNC
     55  f064					      REPEND
     56  f066		       85 02		      sta	WSYNC
     55  f066					      REPEND
     56  f068		       85 02		      sta	WSYNC
     55  f068					      REPEND
     56  f06a		       85 02		      sta	WSYNC
     55  f06a					      REPEND
     56  f06c		       85 02		      sta	WSYNC
     55  f06c					      REPEND
     56  f06e		       85 02		      sta	WSYNC
     55  f06e					      REPEND
     56  f070		       85 02		      sta	WSYNC
     55  f070					      REPEND
     56  f072		       85 02		      sta	WSYNC
     55  f072					      REPEND
     56  f074		       85 02		      sta	WSYNC
     55  f074					      REPEND
     56  f076		       85 02		      sta	WSYNC
     55  f076					      REPEND
     56  f078		       85 02		      sta	WSYNC
     55  f078					      REPEND
     56  f07a		       85 02		      sta	WSYNC
     55  f07a					      REPEND
     56  f07c		       85 02		      sta	WSYNC
     57  f07e					      REPEND
     58  f07e		       a9 00		      lda	#0
     59  f080		       85 01		      sta	VBLANK
     60  f082
     61  f082				   StartVisible
     62  f082							;draw 10 empty scanlines at top of picture
     63  f082					      REPEAT	10
     64  f082		       85 02		      sta	WSYNC
     63  f082					      REPEND
     64  f084		       85 02		      sta	WSYNC
     63  f084					      REPEND
     64  f086		       85 02		      sta	WSYNC
     63  f086					      REPEND
     64  f088		       85 02		      sta	WSYNC
     63  f088					      REPEND
     64  f08a		       85 02		      sta	WSYNC
     63  f08a					      REPEND
     64  f08c		       85 02		      sta	WSYNC
     63  f08c					      REPEND
     64  f08e		       85 02		      sta	WSYNC
     63  f08e					      REPEND
     64  f090		       85 02		      sta	WSYNC
     63  f090					      REPEND
     64  f092		       85 02		      sta	WSYNC
     63  f092					      REPEND
     64  f094		       85 02		      sta	WSYNC
     65  f096					      REPEND
     66  f096
     67  f096							;defines 10 scanlines for the scoreboard with the sprite being stored as an array of bytes at the end of the ROM
     68  f096		       a0 00		      ldy	#0
     69  f098				   ScoreboardLoop
     70  f098		       b9 e8 ff 	      lda	NumberBitmap,Y
     71  f09b		       85 0e		      sta	PF1
     72  f09d		       85 02		      sta	WSYNC
     73  f09f		       c8		      iny
     74  f0a0		       c0 0a		      cpy	#10
     75  f0a2		       d0 f4		      bne	ScoreboardLoop
     76  f0a4
     77  f0a4							;disable playfield
     78  f0a4		       a9 00		      lda	#0
     79  f0a6		       85 0e		      sta	PF1
     80  f0a8
     81  f0a8							;draw 50 empty scanlines between bottom of scoreboard and player 0
     82  f0a8					      REPEAT	50
     83  f0a8		       85 02		      sta	WSYNC
     82  f0a8					      REPEND
     83  f0aa		       85 02		      sta	WSYNC
     82  f0aa					      REPEND
     83  f0ac		       85 02		      sta	WSYNC
     82  f0ac					      REPEND
     83  f0ae		       85 02		      sta	WSYNC
     82  f0ae					      REPEND
     83  f0b0		       85 02		      sta	WSYNC
     82  f0b0					      REPEND
     83  f0b2		       85 02		      sta	WSYNC
     82  f0b2					      REPEND
     83  f0b4		       85 02		      sta	WSYNC
     82  f0b4					      REPEND
     83  f0b6		       85 02		      sta	WSYNC
     82  f0b6					      REPEND
     83  f0b8		       85 02		      sta	WSYNC
     82  f0b8					      REPEND
     83  f0ba		       85 02		      sta	WSYNC
     82  f0ba					      REPEND
     83  f0bc		       85 02		      sta	WSYNC
     82  f0bc					      REPEND
     83  f0be		       85 02		      sta	WSYNC
     82  f0be					      REPEND
     83  f0c0		       85 02		      sta	WSYNC
     82  f0c0					      REPEND
     83  f0c2		       85 02		      sta	WSYNC
     82  f0c2					      REPEND
     83  f0c4		       85 02		      sta	WSYNC
     82  f0c4					      REPEND
     83  f0c6		       85 02		      sta	WSYNC
     82  f0c6					      REPEND
     83  f0c8		       85 02		      sta	WSYNC
     82  f0c8					      REPEND
     83  f0ca		       85 02		      sta	WSYNC
     82  f0ca					      REPEND
     83  f0cc		       85 02		      sta	WSYNC
     82  f0cc					      REPEND
     83  f0ce		       85 02		      sta	WSYNC
     82  f0ce					      REPEND
     83  f0d0		       85 02		      sta	WSYNC
     82  f0d0					      REPEND
     83  f0d2		       85 02		      sta	WSYNC
     82  f0d2					      REPEND
     83  f0d4		       85 02		      sta	WSYNC
     82  f0d4					      REPEND
     83  f0d6		       85 02		      sta	WSYNC
     82  f0d6					      REPEND
     83  f0d8		       85 02		      sta	WSYNC
     82  f0d8					      REPEND
     83  f0da		       85 02		      sta	WSYNC
     82  f0da					      REPEND
     83  f0dc		       85 02		      sta	WSYNC
     82  f0dc					      REPEND
     83  f0de		       85 02		      sta	WSYNC
     82  f0de					      REPEND
     83  f0e0		       85 02		      sta	WSYNC
     82  f0e0					      REPEND
     83  f0e2		       85 02		      sta	WSYNC
     82  f0e2					      REPEND
     83  f0e4		       85 02		      sta	WSYNC
     82  f0e4					      REPEND
     83  f0e6		       85 02		      sta	WSYNC
     82  f0e6					      REPEND
     83  f0e8		       85 02		      sta	WSYNC
     82  f0e8					      REPEND
     83  f0ea		       85 02		      sta	WSYNC
     82  f0ea					      REPEND
     83  f0ec		       85 02		      sta	WSYNC
     82  f0ec					      REPEND
     83  f0ee		       85 02		      sta	WSYNC
     82  f0ee					      REPEND
     83  f0f0		       85 02		      sta	WSYNC
     82  f0f0					      REPEND
     83  f0f2		       85 02		      sta	WSYNC
     82  f0f2					      REPEND
     83  f0f4		       85 02		      sta	WSYNC
     82  f0f4					      REPEND
     83  f0f6		       85 02		      sta	WSYNC
     82  f0f6					      REPEND
     83  f0f8		       85 02		      sta	WSYNC
     82  f0f8					      REPEND
     83  f0fa		       85 02		      sta	WSYNC
     82  f0fa					      REPEND
     83  f0fc		       85 02		      sta	WSYNC
     82  f0fc					      REPEND
     83  f0fe		       85 02		      sta	WSYNC
     82  f0fe					      REPEND
     83  f100		       85 02		      sta	WSYNC
     82  f100					      REPEND
     83  f102		       85 02		      sta	WSYNC
     82  f102					      REPEND
     83  f104		       85 02		      sta	WSYNC
     82  f104					      REPEND
     83  f106		       85 02		      sta	WSYNC
     82  f106					      REPEND
     83  f108		       85 02		      sta	WSYNC
     82  f108					      REPEND
     83  f10a		       85 02		      sta	WSYNC
     84  f10c					      REPEND
     85  f10c
     86  f10c							;draws 10 scanlines for the player 0 with the sprite being stored as an array of bytes at the end of the ROM
     87  f10c		       a0 00		      ldy	#0
     88  f10e				   Player0Loop
     89  f10e		       b9 f2 ff 	      lda	PlayerBitmap,Y
     90  f111		       85 1b		      sta	GRP0
     91  f113		       85 02		      sta	WSYNC
     92  f115		       c8		      iny
     93  f116		       c4 80		      cpy	P0Height
     94  f118		       d0 f4		      bne	Player0Loop
     95  f11a
     96  f11a		       a9 00		      lda	#0
     97  f11c		       85 1b		      sta	GRP0
     98  f11e
     99  f11e							;draws 10 scanlines for the player 1 with the sprite being stored as an array of bytes at the end of the ROM
    100  f11e		       a0 00		      ldy	#0
    101  f120				   Player1Loop
    102  f120		       b9 f2 ff 	      lda	PlayerBitmap,Y
    103  f123		       85 1c		      sta	GRP1
    104  f125		       85 02		      sta	WSYNC
    105  f127		       c8		      iny
    106  f128		       c4 81		      cpy	P1Height
    107  f12a		       d0 f4		      bne	Player1Loop
    108  f12c
    109  f12c		       a9 00		      lda	#0
    110  f12e		       85 1c		      sta	GRP1
    111  f130
    112  f130							;draw the remaining 102 scanlines as we already drew 90 (192 - 90 = 102)
    113  f130					      REPEAT	102
    114  f130		       85 02		      sta	WSYNC
    113  f130					      REPEND
    114  f132		       85 02		      sta	WSYNC
    113  f132					      REPEND
    114  f134		       85 02		      sta	WSYNC
    113  f134					      REPEND
    114  f136		       85 02		      sta	WSYNC
    113  f136					      REPEND
    114  f138		       85 02		      sta	WSYNC
    113  f138					      REPEND
    114  f13a		       85 02		      sta	WSYNC
    113  f13a					      REPEND
    114  f13c		       85 02		      sta	WSYNC
    113  f13c					      REPEND
    114  f13e		       85 02		      sta	WSYNC
    113  f13e					      REPEND
    114  f140		       85 02		      sta	WSYNC
    113  f140					      REPEND
    114  f142		       85 02		      sta	WSYNC
    113  f142					      REPEND
    114  f144		       85 02		      sta	WSYNC
    113  f144					      REPEND
    114  f146		       85 02		      sta	WSYNC
    113  f146					      REPEND
    114  f148		       85 02		      sta	WSYNC
    113  f148					      REPEND
    114  f14a		       85 02		      sta	WSYNC
    113  f14a					      REPEND
    114  f14c		       85 02		      sta	WSYNC
    113  f14c					      REPEND
    114  f14e		       85 02		      sta	WSYNC
    113  f14e					      REPEND
    114  f150		       85 02		      sta	WSYNC
    113  f150					      REPEND
    114  f152		       85 02		      sta	WSYNC
    113  f152					      REPEND
    114  f154		       85 02		      sta	WSYNC
    113  f154					      REPEND
    114  f156		       85 02		      sta	WSYNC
    113  f156					      REPEND
    114  f158		       85 02		      sta	WSYNC
    113  f158					      REPEND
    114  f15a		       85 02		      sta	WSYNC
    113  f15a					      REPEND
    114  f15c		       85 02		      sta	WSYNC
    113  f15c					      REPEND
    114  f15e		       85 02		      sta	WSYNC
    113  f15e					      REPEND
    114  f160		       85 02		      sta	WSYNC
    113  f160					      REPEND
    114  f162		       85 02		      sta	WSYNC
    113  f162					      REPEND
    114  f164		       85 02		      sta	WSYNC
    113  f164					      REPEND
    114  f166		       85 02		      sta	WSYNC
    113  f166					      REPEND
    114  f168		       85 02		      sta	WSYNC
    113  f168					      REPEND
    114  f16a		       85 02		      sta	WSYNC
    113  f16a					      REPEND
    114  f16c		       85 02		      sta	WSYNC
    113  f16c					      REPEND
    114  f16e		       85 02		      sta	WSYNC
    113  f16e					      REPEND
    114  f170		       85 02		      sta	WSYNC
    113  f170					      REPEND
    114  f172		       85 02		      sta	WSYNC
    113  f172					      REPEND
    114  f174		       85 02		      sta	WSYNC
    113  f174					      REPEND
    114  f176		       85 02		      sta	WSYNC
    113  f176					      REPEND
    114  f178		       85 02		      sta	WSYNC
    113  f178					      REPEND
    114  f17a		       85 02		      sta	WSYNC
    113  f17a					      REPEND
    114  f17c		       85 02		      sta	WSYNC
    113  f17c					      REPEND
    114  f17e		       85 02		      sta	WSYNC
    113  f17e					      REPEND
    114  f180		       85 02		      sta	WSYNC
    113  f180					      REPEND
    114  f182		       85 02		      sta	WSYNC
    113  f182					      REPEND
    114  f184		       85 02		      sta	WSYNC
    113  f184					      REPEND
    114  f186		       85 02		      sta	WSYNC
    113  f186					      REPEND
    114  f188		       85 02		      sta	WSYNC
    113  f188					      REPEND
    114  f18a		       85 02		      sta	WSYNC
    113  f18a					      REPEND
    114  f18c		       85 02		      sta	WSYNC
    113  f18c					      REPEND
    114  f18e		       85 02		      sta	WSYNC
    113  f18e					      REPEND
    114  f190		       85 02		      sta	WSYNC
    113  f190					      REPEND
    114  f192		       85 02		      sta	WSYNC
    113  f192					      REPEND
    114  f194		       85 02		      sta	WSYNC
    113  f194					      REPEND
    114  f196		       85 02		      sta	WSYNC
    113  f196					      REPEND
    114  f198		       85 02		      sta	WSYNC
    113  f198					      REPEND
    114  f19a		       85 02		      sta	WSYNC
    113  f19a					      REPEND
    114  f19c		       85 02		      sta	WSYNC
    113  f19c					      REPEND
    114  f19e		       85 02		      sta	WSYNC
    113  f19e					      REPEND
    114  f1a0		       85 02		      sta	WSYNC
    113  f1a0					      REPEND
    114  f1a2		       85 02		      sta	WSYNC
    113  f1a2					      REPEND
    114  f1a4		       85 02		      sta	WSYNC
    113  f1a4					      REPEND
    114  f1a6		       85 02		      sta	WSYNC
    113  f1a6					      REPEND
    114  f1a8		       85 02		      sta	WSYNC
    113  f1a8					      REPEND
    114  f1aa		       85 02		      sta	WSYNC
    113  f1aa					      REPEND
    114  f1ac		       85 02		      sta	WSYNC
    113  f1ac					      REPEND
    114  f1ae		       85 02		      sta	WSYNC
    113  f1ae					      REPEND
    114  f1b0		       85 02		      sta	WSYNC
    113  f1b0					      REPEND
    114  f1b2		       85 02		      sta	WSYNC
    113  f1b2					      REPEND
    114  f1b4		       85 02		      sta	WSYNC
    113  f1b4					      REPEND
    114  f1b6		       85 02		      sta	WSYNC
    113  f1b6					      REPEND
    114  f1b8		       85 02		      sta	WSYNC
    113  f1b8					      REPEND
    114  f1ba		       85 02		      sta	WSYNC
    113  f1ba					      REPEND
    114  f1bc		       85 02		      sta	WSYNC
    113  f1bc					      REPEND
    114  f1be		       85 02		      sta	WSYNC
    113  f1be					      REPEND
    114  f1c0		       85 02		      sta	WSYNC
    113  f1c0					      REPEND
    114  f1c2		       85 02		      sta	WSYNC
    113  f1c2					      REPEND
    114  f1c4		       85 02		      sta	WSYNC
    113  f1c4					      REPEND
    114  f1c6		       85 02		      sta	WSYNC
    113  f1c6					      REPEND
    114  f1c8		       85 02		      sta	WSYNC
    113  f1c8					      REPEND
    114  f1ca		       85 02		      sta	WSYNC
    113  f1ca					      REPEND
    114  f1cc		       85 02		      sta	WSYNC
    113  f1cc					      REPEND
    114  f1ce		       85 02		      sta	WSYNC
    113  f1ce					      REPEND
    114  f1d0		       85 02		      sta	WSYNC
    113  f1d0					      REPEND
    114  f1d2		       85 02		      sta	WSYNC
    113  f1d2					      REPEND
    114  f1d4		       85 02		      sta	WSYNC
    113  f1d4					      REPEND
    114  f1d6		       85 02		      sta	WSYNC
    113  f1d6					      REPEND
    114  f1d8		       85 02		      sta	WSYNC
    113  f1d8					      REPEND
    114  f1da		       85 02		      sta	WSYNC
    113  f1da					      REPEND
    114  f1dc		       85 02		      sta	WSYNC
    113  f1dc					      REPEND
    114  f1de		       85 02		      sta	WSYNC
    113  f1de					      REPEND
    114  f1e0		       85 02		      sta	WSYNC
    113  f1e0					      REPEND
    114  f1e2		       85 02		      sta	WSYNC
    113  f1e2					      REPEND
    114  f1e4		       85 02		      sta	WSYNC
    113  f1e4					      REPEND
    114  f1e6		       85 02		      sta	WSYNC
    113  f1e6					      REPEND
    114  f1e8		       85 02		      sta	WSYNC
    113  f1e8					      REPEND
    114  f1ea		       85 02		      sta	WSYNC
    113  f1ea					      REPEND
    114  f1ec		       85 02		      sta	WSYNC
    113  f1ec					      REPEND
    114  f1ee		       85 02		      sta	WSYNC
    113  f1ee					      REPEND
    114  f1f0		       85 02		      sta	WSYNC
    113  f1f0					      REPEND
    114  f1f2		       85 02		      sta	WSYNC
    113  f1f2					      REPEND
    114  f1f4		       85 02		      sta	WSYNC
    113  f1f4					      REPEND
    114  f1f6		       85 02		      sta	WSYNC
    113  f1f6					      REPEND
    114  f1f8		       85 02		      sta	WSYNC
    113  f1f8					      REPEND
    114  f1fa		       85 02		      sta	WSYNC
    115  f1fc					      REPEND
    116  f1fc
    117  f1fc							;draw the 30 VBLANK overscan lines
    118  f1fc		       a9 02		      lda	#2
    119  f1fe		       85 01		      sta	VBLANK
    120  f200					      REPEAT	37
    121  f200		       85 02		      sta	WSYNC
    120  f200					      REPEND
    121  f202		       85 02		      sta	WSYNC
    120  f202					      REPEND
    121  f204		       85 02		      sta	WSYNC
    120  f204					      REPEND
    121  f206		       85 02		      sta	WSYNC
    120  f206					      REPEND
    121  f208		       85 02		      sta	WSYNC
    120  f208					      REPEND
    121  f20a		       85 02		      sta	WSYNC
    120  f20a					      REPEND
    121  f20c		       85 02		      sta	WSYNC
    120  f20c					      REPEND
    121  f20e		       85 02		      sta	WSYNC
    120  f20e					      REPEND
    121  f210		       85 02		      sta	WSYNC
    120  f210					      REPEND
    121  f212		       85 02		      sta	WSYNC
    120  f212					      REPEND
    121  f214		       85 02		      sta	WSYNC
    120  f214					      REPEND
    121  f216		       85 02		      sta	WSYNC
    120  f216					      REPEND
    121  f218		       85 02		      sta	WSYNC
    120  f218					      REPEND
    121  f21a		       85 02		      sta	WSYNC
    120  f21a					      REPEND
    121  f21c		       85 02		      sta	WSYNC
    120  f21c					      REPEND
    121  f21e		       85 02		      sta	WSYNC
    120  f21e					      REPEND
    121  f220		       85 02		      sta	WSYNC
    120  f220					      REPEND
    121  f222		       85 02		      sta	WSYNC
    120  f222					      REPEND
    121  f224		       85 02		      sta	WSYNC
    120  f224					      REPEND
    121  f226		       85 02		      sta	WSYNC
    120  f226					      REPEND
    121  f228		       85 02		      sta	WSYNC
    120  f228					      REPEND
    121  f22a		       85 02		      sta	WSYNC
    120  f22a					      REPEND
    121  f22c		       85 02		      sta	WSYNC
    120  f22c					      REPEND
    121  f22e		       85 02		      sta	WSYNC
    120  f22e					      REPEND
    121  f230		       85 02		      sta	WSYNC
    120  f230					      REPEND
    121  f232		       85 02		      sta	WSYNC
    120  f232					      REPEND
    121  f234		       85 02		      sta	WSYNC
    120  f234					      REPEND
    121  f236		       85 02		      sta	WSYNC
    120  f236					      REPEND
    121  f238		       85 02		      sta	WSYNC
    120  f238					      REPEND
    121  f23a		       85 02		      sta	WSYNC
    120  f23a					      REPEND
    121  f23c		       85 02		      sta	WSYNC
    120  f23c					      REPEND
    121  f23e		       85 02		      sta	WSYNC
    120  f23e					      REPEND
    121  f240		       85 02		      sta	WSYNC
    120  f240					      REPEND
    121  f242		       85 02		      sta	WSYNC
    120  f242					      REPEND
    121  f244		       85 02		      sta	WSYNC
    120  f244					      REPEND
    121  f246		       85 02		      sta	WSYNC
    120  f246					      REPEND
    121  f248		       85 02		      sta	WSYNC
    122  f24a					      REPEND
    123  f24a		       a9 00		      lda	#0
    124  f24c		       85 01		      sta	VBLANK
    125  f24e
    126  f24e							;loop to next frame
    127  f24e		       4c 24 f0 	      jmp	StartFrame
    128  f251
    129  f251							;define an array of bytes to draw the scoreboard number
    130  ffe8					      org	$FFE8
    131  ffe8				   NumberBitmap
    132  ffe8		       0e		      .byte.b	#%00001110	; ########
    133  ffe9		       0e		      .byte.b	#%00001110	; ########
    134  ffea		       02		      .byte.b	#%00000010	;	###
    135  ffeb		       02		      .byte.b	#%00000010	;	###
    136  ffec		       0e		      .byte.b	#%00001110	; ########
    137  ffed		       0e		      .byte.b	#%00001110	; ########
    138  ffee		       08		      .byte.b	#%00001000	; ###
    139  ffef		       08		      .byte.b	#%00001000	; ###
    140  fff0		       0e		      .byte.b	#%00001110	; ########
    141  fff1		       0e		      .byte.b	#%00001110	; ########
    142  fff2
    143  fff2							;define an array of bytes to draw the player sprite
    144  fff2					      org	$FFF2
    145  fff2				   PlayerBitmap
    146  fff2		       7e		      .byte.b	#%01111110	;  ######
    147  fff3		       ff		      .byte.b	#%11111111	; ########
    148  fff4		       99		      .byte.b	#%10011001	; #  ##  #
    149  fff5		       ff		      .byte.b	#%11111111	; ########
    150  fff6		       ff		      .byte.b	#%11111111	; ########
    151  fff7		       ff		      .byte.b	#%11111111	; ########
    152  fff8		       bd		      .byte.b	#%10111101	; # #### #
    153  fff9		       c3		      .byte.b	#%11000011	; ##	 ##
    154  fffa		       ff		      .byte.b	#%11111111	; ########
    155  fffb		       7e		      .byte.b	#%01111110	;  ######
    156  fffc
    157  fffc							;end of ROM
    158  fffc					      org	$FFFC
    159  fffc		       00 f0		      .word.w	reset
    160  fffe		       00 f0		      .word.w	reset
